<?xml version="1.0" encoding="UTF-8"?>
<!-- Generated by org.testng.reporters.JUnitReportReporter -->
<testsuite skipped="1" hostname="ankikpal" name="com.training.sanity.tests.RTTC_006" tests="2" failures="0" timestamp="17 Jun 2019 09:22:26 GMT" time="3.510" errors="1">
  <testcase name="validLoginTest" time="0.000" classname="com.training.sanity.tests.RTTC_006">
    <skipped/>
  </testcase> <!-- validLoginTest -->
  <testcase name="setUp" time="3.510" classname="com.training.sanity.tests.RTTC_006">
    <error type="java.lang.InternalError" message="java.util.zip.ZipException: invalid CEN header (bad signature)">
      <![CDATA[java.lang.InternalError: java.util.zip.ZipException: invalid CEN header (bad signature)
	at sun.misc.URLClassPath$JarLoader.getResource(Unknown Source)
	at sun.misc.URLClassPath.getResource(Unknown Source)
	at sun.misc.URLClassPath.getResource(Unknown Source)
	at java.lang.ClassLoader.getBootstrapResource(Unknown Source)
	at java.lang.ClassLoader.getResource(Unknown Source)
	at java.lang.ClassLoader.getResource(Unknown Source)
	at java.lang.ClassLoader.getSystemResource(Unknown Source)
	at java.lang.ClassLoader.getSystemResourceAsStream(Unknown Source)
	at java.lang.Class.getResourceAsStream(Unknown Source)
	at java.net.IDN.<clinit>(Unknown Source)
	at okhttp3.internal.Util.canonicalizeHost(Util.java:410)
	at okhttp3.HttpUrl$Builder.canonicalizeHost(HttpUrl.java:1584)
	at okhttp3.HttpUrl$Builder.parse(HttpUrl.java:1385)
	at okhttp3.HttpUrl.get(HttpUrl.java:916)
	at okhttp3.HttpUrl.parse(HttpUrl.java:904)
	at org.openqa.selenium.remote.internal.OkHttpClient.execute(OkHttpClient.java:62)
	at org.openqa.selenium.remote.ProtocolHandshake.createSession(ProtocolHandshake.java:105)
	at org.openqa.selenium.remote.ProtocolHandshake.createSession(ProtocolHandshake.java:74)
	at org.openqa.selenium.remote.HttpCommandExecutor.execute(HttpCommandExecutor.java:136)
	at org.openqa.selenium.remote.service.DriverCommandExecutor.execute(DriverCommandExecutor.java:83)
	at org.openqa.selenium.remote.RemoteWebDriver.execute(RemoteWebDriver.java:552)
	at org.openqa.selenium.remote.RemoteWebDriver.startSession(RemoteWebDriver.java:213)
	at org.openqa.selenium.remote.RemoteWebDriver.<init>(RemoteWebDriver.java:131)
	at org.openqa.selenium.firefox.FirefoxDriver.<init>(FirefoxDriver.java:147)
	at org.openqa.selenium.firefox.FirefoxDriver.<init>(FirefoxDriver.java:125)
	at com.training.utility.DriverFactory.getDriver(DriverFactory.java:29)
	at com.training.sanity.tests.RTTC_006.setUp(RTTC_006.java:39)
	at sun.reflect.NativeMethodAccessorImpl.invoke0(Native Method)
	at sun.reflect.NativeMethodAccessorImpl.invoke(Unknown Source)
	at sun.reflect.DelegatingMethodAccessorImpl.invoke(Unknown Source)
	at java.lang.reflect.Method.invoke(Unknown Source)
	at org.testng.internal.MethodInvocationHelper.invokeMethod(MethodInvocationHelper.java:108)
	at org.testng.internal.Invoker.invokeConfigurationMethod(Invoker.java:523)
	at org.testng.internal.Invoker.invokeConfigurations(Invoker.java:224)
	at org.testng.internal.Invoker.invokeMethod(Invoker.java:599)
	at org.testng.internal.Invoker.invokeTestMethod(Invoker.java:869)
	at org.testng.internal.Invoker.invokeTestMethods(Invoker.java:1193)
	at org.testng.internal.TestMethodWorker.invokeTestMethods(TestMethodWorker.java:126)
	at org.testng.internal.TestMethodWorker.run(TestMethodWorker.java:109)
	at org.testng.TestRunner.privateRun(TestRunner.java:744)
	at org.testng.TestRunner.run(TestRunner.java:602)
	at org.testng.SuiteRunner.runTest(SuiteRunner.java:380)
	at org.testng.SuiteRunner.runSequentially(SuiteRunner.java:375)
	at org.testng.SuiteRunner.privateRun(SuiteRunner.java:340)
	at org.testng.SuiteRunner.run(SuiteRunner.java:289)
	at org.testng.SuiteRunnerWorker.runSuite(SuiteRunnerWorker.java:52)
	at org.testng.SuiteRunnerWorker.run(SuiteRunnerWorker.java:86)
	at org.testng.TestNG.runSuitesSequentially(TestNG.java:1301)
	at org.testng.TestNG.runSuitesLocally(TestNG.java:1226)
	at org.testng.TestNG.runSuites(TestNG.java:1144)
	at org.testng.TestNG.run(TestNG.java:1115)
	at org.testng.remote.AbstractRemoteTestNG.run(AbstractRemoteTestNG.java:114)
	at org.testng.remote.RemoteTestNG.initAndRun(RemoteTestNG.java:251)
	at org.testng.remote.RemoteTestNG.main(RemoteTestNG.java:77)
Caused by: java.util.zip.ZipException: invalid CEN header (bad signature)
	at java.util.zip.ZipFile.open(Native Method)
	at java.util.zip.ZipFile.<init>(Unknown Source)
	at java.util.zip.ZipFile.<init>(Unknown Source)
	at java.util.jar.JarFile.<init>(Unknown Source)
	at java.util.jar.JarFile.<init>(Unknown Source)
	at sun.misc.URLClassPath$JarLoader.getJarFile(Unknown Source)
	at sun.misc.URLClassPath$JarLoader.access$800(Unknown Source)
	at sun.misc.URLClassPath$JarLoader$1.run(Unknown Source)
	at sun.misc.URLClassPath$JarLoader$1.run(Unknown Source)
	at java.security.AccessController.doPrivileged(Native Method)
	at sun.misc.URLClassPath$JarLoader.ensureOpen(Unknown Source)
	... 54 more
]]>
    </error>
  </testcase> <!-- setUp -->
</testsuite> <!-- com.training.sanity.tests.RTTC_006 -->
