<?xml version="1.0" encoding="UTF-8"?>
<!-- Generated by org.testng.reporters.JUnitReportReporter -->
<testsuite skipped="0" hostname="ankikpal" name="com.training.sanity.tests.RTTC_038" tests="1" failures="0" timestamp="21 Jun 2019 18:40:35 GMT" time="46.492" errors="0">
  <testcase name="validLoginTest" time="46.492" classname="com.training.sanity.tests.RTTC_038"/>
</testsuite> <!-- com.training.sanity.tests.RTTC_038 -->
