<?xml version="1.0" encoding="UTF-8"?>
<!-- Generated by org.testng.reporters.JUnitReportReporter -->
<testsuite skipped="0" hostname="ankikpal" name="com.training.sanity.tests.RTTC_037" tests="1" failures="0" timestamp="21 Jun 2019 17:23:30 GMT" time="48.812" errors="0">
  <testcase name="validLoginTest" time="48.812" classname="com.training.sanity.tests.RTTC_037"/>
</testsuite> <!-- com.training.sanity.tests.RTTC_037 -->
