<?xml version="1.0" encoding="UTF-8"?>
<!-- Generated by org.testng.reporters.JUnitReportReporter -->
<testsuite skipped="0" hostname="ankikpal" name="com.training.sanity.tests.RTTC_004" tests="1" failures="0" timestamp="17 Jun 2019 12:59:58 GMT" time="55.558" errors="0">
  <testcase name="validLoginTest" time="55.558" classname="com.training.sanity.tests.RTTC_004"/>
</testsuite> <!-- com.training.sanity.tests.RTTC_004 -->
