<?xml version="1.0" encoding="UTF-8"?>
<!-- Generated by org.testng.reporters.JUnitReportReporter -->
<testsuite skipped="0" hostname="ankikpal" name="com.training.sanity.tests.Mylogintestcases" tests="1" failures="0" timestamp="14 Jun 2019 13:00:21 GMT" time="57.767" errors="0">
  <testcase name="validLoginTest" time="57.767" classname="com.training.sanity.tests.Mylogintestcases"/>
</testsuite> <!-- com.training.sanity.tests.Mylogintestcases -->
